INFO	2022/04/05 20:34:09 main.go:24: Hello
INFO	2022/04/05 21:30:26 main.go:32: Hello
INFO	2022/04/05 21:33:19 main.go:32: Hello
INFO	2022/04/05 21:35:51 main.go:32: Hello
INFO	2022/04/05 21:53:12 main.go:32: Hello
INFO	2022/04/05 22:15:29 main.go:32: Hello
INFO	2022/04/05 22:15:46 main.go:32: Hello
INFO	2022/04/05 22:30:42 main.go:32: Hello
INFO	2022/04/05 22:30:45 main.go:48: Parse block took 2.489636683s
INFO	2022/04/05 22:30:45 main.go:49: Done
INFO	2022/04/05 22:32:15 main.go:32: Hello
INFO	2022/04/05 22:33:55 main.go:32: Hello
INFO	2022/04/05 22:34:20 main.go:32: Hello
INFO	2022/04/05 22:34:23 main.go:48: Parse block took 2.734006719s
INFO	2022/04/05 22:34:23 main.go:49: Done
INFO	2022/04/05 22:37:20 main.go:32: Hello
INFO	2022/04/05 22:37:43 main.go:32: Hello
INFO	2022/04/05 22:39:56 main.go:32: Hello
INFO	2022/04/05 23:26:19 main.go:32: Hello
INFO	2022/04/05 23:30:38 main.go:32: Hello
INFO	2022/04/05 23:34:28 main.go:32: Hello
INFO	2022/04/05 23:34:31 main.go:48: Parse block took 2.824504667s
INFO	2022/04/05 23:34:31 main.go:49: Done
INFO	2022/04/05 23:34:50 main.go:32: Hello
INFO	2022/04/05 23:35:56 main.go:32: Hello
INFO	2022/04/05 23:36:00 main.go:48: Parse block took 3.862300131s
INFO	2022/04/05 23:36:00 main.go:49: Done
INFO	2022/04/05 23:38:10 main.go:32: Hello
INFO	2022/04/05 23:38:14 main.go:48: Parse block took 3.415743876s
INFO	2022/04/05 23:38:14 main.go:49: Done
INFO	2022/04/05 23:39:59 main.go:32: Hello
INFO	2022/04/05 23:40:02 main.go:48: Parse block took 3.043031233s
INFO	2022/04/05 23:40:02 main.go:49: Done
INFO	2022/04/05 23:41:11 main.go:32: Hello
INFO	2022/04/05 23:41:14 main.go:48: Parse block took 3.294521065s
INFO	2022/04/05 23:41:14 main.go:49: Done
INFO	2022/04/05 23:42:25 main.go:32: Hello
INFO	2022/04/05 23:42:29 main.go:48: Parse block took 4.133643463s
INFO	2022/04/05 23:42:29 main.go:49: Done
INFO	2022/04/05 23:50:53 main.go:32: Hello
INFO	2022/04/05 23:55:30 main.go:32: Hello
INFO	2022/04/06 00:04:23 main.go:32: Hello
INFO	2022/04/06 00:04:36 main.go:48: Parse block took 12.862794982s
INFO	2022/04/06 00:04:36 main.go:49: Done
INFO	2022/04/06 13:08:24 main.go:36: Hello
INFO	2022/04/06 13:08:38 main.go:52: Parse block took 14.782984157s
INFO	2022/04/06 13:08:38 main.go:53: Done
INFO	2022/04/06 13:13:54 main.go:51: Parse blocks 1001001 to 1002000 took 7.616075802s
INFO	2022/04/06 13:13:54 main.go:52: Done
INFO	2022/04/06 13:15:32 main.go:51: Parse blocks 1001001 to 1002000 took 7.183067119s
INFO	2022/04/06 13:15:32 main.go:52: DoneINFO	2022/04/06 14:34:34 main.go:51: Parse blocks 1001001 to 1002000 took 9.334855ms
INFO	2022/04/06 14:34:34 main.go:52: Done
INFO	2022/04/06 14:35:31 main.go:51: Parse blocks 1001001 to 1002000 took 12.723362785s
INFO	2022/04/06 14:35:31 main.go:52: Done
INFO	2022/04/06 14:45:40 main.go:51: Parse blocks 1001001 to 1002000 took 8.076084142s
INFO	2022/04/06 14:45:40 main.go:52: Done
